<?xml version="1.0" encoding="UTF-8"?>
<testsuite xmlns:xsi="http://www.w3.org/2001/XMLSchema-instance" xsi:noNamespaceSchemaLocation="https://maven.apache.org/surefire/maven-surefire-plugin/xsd/surefire-test-report.xsd" name="TestSuite" time="55.698" tests="5" errors="0" skipped="0" failures="1">
  <properties>
[...]
</properties>
  <testcase name="SearchGoogle" classname="mvn.NavigateToGoogle" time="14.191"/>
  <testcase name="HelloWorld" classname="mvn.NavigateToGoogle" time="0.008"/>
  <testcase name="validateLogInToMoodleWithValidCredential" classname="mvn.AutomateMoodle" time="22.939"/>
  <testcase name="launchGoogle" classname="mvn.PrioritiesInTestNG" time="3.449"/>
  <testcase name="peformSeachAndClick1stLink" classname="mvn.PrioritiesInTestNG" time="0.137">
    <failure message="Purposefully failing it expected [true] but found [false]" type="java.lang.AssertionError">java.lang.AssertionError: Purposefully failing it expected [true] but found [false]
	at mvn.PrioritiesInTestNG.peformSeachAndClick1stLink(PrioritiesInTestNG.java:38)
</failure>
  </testcase>
</testsuite>