<?xml version="1.0" encoding="UTF-8"?>
<testng-results ignored="0" total="1" passed="1" failed="0" skipped="0">
  <reporter-output>
  </reporter-output>
  <suite started-at="2021-01-12T10:57:20 IST" name="Surefire suite" finished-at="2021-01-12T10:57:20 IST" duration-ms="66">
    <groups>
    </groups>
    <test started-at="2021-01-12T10:57:20 IST" name="Surefire test" finished-at="2021-01-12T10:57:20 IST" duration-ms="66">
      <class name="TestJava">
        <test-method signature="testHelloWorld()[pri:0, instance:TestJava@4f83df68]" started-at="2021-01-12T10:57:20 IST" name="testHelloWorld" finished-at="2021-01-12T10:57:20 IST" duration-ms="7" status="PASS">
          <reporter-output>
          </reporter-output>
        </test-method> <!-- testHelloWorld -->
      </class> <!-- TestJava -->
    </test> <!-- Surefire test -->
  </suite> <!-- Surefire suite -->
</testng-results>
