<?xml version="1.0" encoding="UTF-8"?>
<testng-results total="1" passed="1" failed="0" skipped="0">
  <reporter-output>
  </reporter-output>
  <suite started-at="2021-01-12T17:20:24Z" name="Surefire suite" finished-at="2021-01-12T17:20:24Z" duration-ms="26">
    <groups>
    </groups>
    <test started-at="2021-01-12T17:20:24Z" name="Surefire test" finished-at="2021-01-12T17:20:24Z" duration-ms="26">
      <class name="com.tj.mavenproject.AppTest">
        <test-method signature="testHelloWorld()[pri:0, instance:com.tj.mavenproject.AppTest@7e07db1f]" started-at="2021-01-12T22:50:24Z" name="testHelloWorld" finished-at="2021-01-12T22:50:24Z" duration-ms="10" status="PASS">
          <reporter-output>
          </reporter-output>
        </test-method> <!-- testHelloWorld -->
      </class> <!-- com.tj.mavenproject.AppTest -->
    </test> <!-- Surefire test -->
  </suite> <!-- Surefire suite -->
</testng-results>
